android/app/build/intermediates/manifest_merge_blame_file/debug/manifest-merger-blame-debug-report.txt
1<?xml version="1.0" encoding="utf-8"?>
2<manifest xmlns:android="http://schemas.android.com/apk/res/android"
3    package="com.rncouse"
4    android:versionCode="1"
5    android:versionName="1.0" >
6
7    <uses-sdk
8        android:minSdkVersion="21"
8-->src/main/AndroidManifest.xml
9        android:targetSdkVersion="27" />
9-->src/main/AndroidManifest.xml
10
11    <uses-permission android:name="android.permission.INTERNET" />
11-->src/main/AndroidManifest.xml:4:5-67
11-->src/main/AndroidManifest.xml:4:22-64
12    <uses-permission android:name="android.permission.SYSTEM_ALERT_WINDOW" />
12-->src/main/AndroidManifest.xml:5:5-77
12-->src/main/AndroidManifest.xml:5:22-75
13
14    <!-- OPTIONAL PERMISSIONS, REMOVE WHATEVER YOU DO NOT NEED -->
15    <uses-permission android:name="android.permission.MANAGE_DOCUMENTS" />
15-->src/main/AndroidManifest.xml:8:5-75
15-->src/main/AndroidManifest.xml:8:22-72
16    <uses-permission android:name="android.permission.READ_INTERNAL_STORAGE" />
16-->src/main/AndroidManifest.xml:9:5-80
16-->src/main/AndroidManifest.xml:9:22-77
17    <uses-permission android:name="android.permission.READ_PHONE_STATE" />
17-->src/main/AndroidManifest.xml:10:5-75
17-->src/main/AndroidManifest.xml:10:22-72
18    <uses-permission android:name="android.permission.USE_FINGERPRINT" />
18-->src/main/AndroidManifest.xml:11:5-74
18-->src/main/AndroidManifest.xml:11:22-71
19    <uses-permission android:name="android.permission.VIBRATE" />
19-->src/main/AndroidManifest.xml:12:5-66
19-->src/main/AndroidManifest.xml:12:22-63
20    <uses-permission android:name="android.permission.MODIFY_AUDIO_SETTINGS" />
20-->src/main/AndroidManifest.xml:13:5-80
20-->src/main/AndroidManifest.xml:13:22-77
21
22    <!-- These require runtime permissions on M -->
23    <uses-permission android:name="android.permission.ACCESS_COARSE_LOCATION" />
23-->src/main/AndroidManifest.xml:16:5-81
23-->src/main/AndroidManifest.xml:16:22-78
24    <uses-permission android:name="android.permission.ACCESS_FINE_LOCATION" />
24-->src/main/AndroidManifest.xml:17:5-79
24-->src/main/AndroidManifest.xml:17:22-76
25    <uses-permission android:name="android.permission.CAMERA" />
25-->src/main/AndroidManifest.xml:18:5-65
25-->src/main/AndroidManifest.xml:18:22-62
26    <uses-permission android:name="android.permission.READ_CONTACTS" />
26-->src/main/AndroidManifest.xml:19:5-72
26-->src/main/AndroidManifest.xml:19:22-69
27    <uses-permission android:name="android.permission.READ_CALENDAR" />
27-->src/main/AndroidManifest.xml:20:5-72
27-->src/main/AndroidManifest.xml:20:22-69
28    <uses-permission android:name="android.permission.WRITE_CALENDAR" />
28-->src/main/AndroidManifest.xml:21:5-73
28-->src/main/AndroidManifest.xml:21:22-70
29    <uses-permission android:name="android.permission.READ_EXTERNAL_STORAGE" />
29-->src/main/AndroidManifest.xml:22:5-80
29-->src/main/AndroidManifest.xml:22:22-77
30    <uses-permission android:name="android.permission.RECORD_AUDIO" />
30-->src/main/AndroidManifest.xml:23:5-71
30-->src/main/AndroidManifest.xml:23:22-68
31    <uses-permission android:name="android.permission.WRITE_EXTERNAL_STORAGE" />
31-->src/main/AndroidManifest.xml:24:5-81
31-->src/main/AndroidManifest.xml:24:22-78
32    <uses-permission android:name="android.permission.WRITE_SETTINGS" />
32-->src/main/AndroidManifest.xml:25:5-73
32-->src/main/AndroidManifest.xml:25:22-70
33    <uses-permission android:name="android.permission.STORAGE" />
33-->[:expo-file-system] AndroidManifest.xml:15:5-66
33-->[:expo-file-system] AndroidManifest.xml:15:22-63
34    <uses-permission android:name="android.permission.FOREGROUND_SERVICE" />
34-->[:expo-location] AndroidManifest.xml:13:5-77
34-->[:expo-location] AndroidManifest.xml:13:22-74
35    <uses-permission android:name="android.permission.ACCESS_NETWORK_STATE" />
35-->[io.nlopez.smartlocation:library:3.2.11] AndroidManifest.xml:13:5-79
35-->[io.nlopez.smartlocation:library:3.2.11] AndroidManifest.xml:13:22-76
36    <uses-permission android:name="com.google.android.providers.gsf.permission.READ_GSERVICES" />
36-->[io.nlopez.smartlocation:library:3.2.11] AndroidManifest.xml:15:5-98
36-->[io.nlopez.smartlocation:library:3.2.11] AndroidManifest.xml:15:22-95
37    <uses-permission android:name="com.google.android.gms.permission.ACTIVITY_RECOGNITION" /> <!-- END OPTIONAL PERMISSIONS -->
37-->[io.nlopez.smartlocation:library:3.2.11] AndroidManifest.xml:16:5-94
37-->[io.nlopez.smartlocation:library:3.2.11] AndroidManifest.xml:16:22-91
38    <application
38-->src/main/AndroidManifest.xml:28:5-46:19
39        android:name="com.rncouse.MainApplication"
39-->src/main/AndroidManifest.xml:29:7-38
40        android:allowBackup="false"
40-->src/main/AndroidManifest.xml:33:7-34
41        android:appComponentFactory="androidx.core.app.CoreComponentFactory"
41-->[androidx.core:core:1.1.0] AndroidManifest.xml:24:18-86
42        android:debuggable="true"
43        android:icon="@mipmap/ic_launcher"
43-->src/main/AndroidManifest.xml:31:7-41
44        android:label="@string/app_name"
44-->src/main/AndroidManifest.xml:30:7-39
45        android:roundIcon="@mipmap/ic_launcher_round"
45-->src/main/AndroidManifest.xml:32:7-52
46        android:testOnly="true"
47        android:theme="@style/AppTheme" >
47-->src/main/AndroidManifest.xml:34:7-38
48        <activity
48-->src/main/AndroidManifest.xml:35:7-44:18
49            android:name="com.rncouse.MainActivity"
49-->src/main/AndroidManifest.xml:36:9-37
50            android:configChanges="keyboard|keyboardHidden|orientation|screenSize"
50-->src/main/AndroidManifest.xml:38:9-79
51            android:label="@string/app_name"
51-->src/main/AndroidManifest.xml:37:9-41
52            android:windowSoftInputMode="adjustResize" >
52-->src/main/AndroidManifest.xml:39:9-51
53            <intent-filter>
53-->src/main/AndroidManifest.xml:40:9-43:25
54                <action android:name="android.intent.action.MAIN" />
54-->src/main/AndroidManifest.xml:41:13-65
54-->src/main/AndroidManifest.xml:41:21-62
55
56                <category android:name="android.intent.category.LAUNCHER" />
56-->src/main/AndroidManifest.xml:42:13-73
56-->src/main/AndroidManifest.xml:42:23-70
57            </intent-filter>
58        </activity>
59        <activity android:name="com.facebook.react.devsupport.DevSettingsActivity" />
59-->src/main/AndroidManifest.xml:45:7-84
59-->src/main/AndroidManifest.xml:45:17-81
60
61        <provider
61-->[:expo-file-system] AndroidManifest.xml:18:9-27:20
62            android:name="expo.modules.filesystem.FileSystemFileProvider"
62-->[:expo-file-system] AndroidManifest.xml:19:13-74
63            android:authorities="com.rncouse.FileSystemFileProvider"
63-->[:expo-file-system] AndroidManifest.xml:20:13-74
64            android:exported="false"
64-->[:expo-file-system] AndroidManifest.xml:21:13-37
65            android:grantUriPermissions="true" >
65-->[:expo-file-system] AndroidManifest.xml:22:13-47
66            <meta-data
66-->[:expo-file-system] AndroidManifest.xml:24:13-26:70
67                android:name="android.support.FILE_PROVIDER_PATHS"
67-->[:expo-file-system] AndroidManifest.xml:25:17-67
68                android:resource="@xml/file_system_provider_paths" />
68-->[:expo-file-system] AndroidManifest.xml:26:17-67
69        </provider>
70
71        <service
71-->[:expo-location] AndroidManifest.xml:16:9-18:40
72            android:name="expo.modules.location.services.LocationTaskService"
72-->[:expo-location] AndroidManifest.xml:17:13-78
73            android:exported="false" />
73-->[:expo-location] AndroidManifest.xml:18:13-37
74
75        <activity
75-->[com.google.android.gms:play-services-base:16.0.1] AndroidManifest.xml:23:9-26:75
76            android:name="com.google.android.gms.common.api.GoogleApiActivity"
76-->[com.google.android.gms:play-services-base:16.0.1] AndroidManifest.xml:24:13-79
77            android:exported="false"
77-->[com.google.android.gms:play-services-base:16.0.1] AndroidManifest.xml:25:13-37
78            android:theme="@android:style/Theme.Translucent.NoTitleBar" />
78-->[com.google.android.gms:play-services-base:16.0.1] AndroidManifest.xml:26:13-72
79
80        <meta-data
80-->[com.google.android.gms:play-services-basement:16.0.1] AndroidManifest.xml:23:9-25:69
81            android:name="com.google.android.gms.version"
81-->[com.google.android.gms:play-services-basement:16.0.1] AndroidManifest.xml:24:13-58
82            android:value="@integer/google_play_services_version" />
82-->[com.google.android.gms:play-services-basement:16.0.1] AndroidManifest.xml:25:13-66
83
84        <service
84-->[io.nlopez.smartlocation:library:3.2.11] AndroidManifest.xml:19:9-21:40
85            android:name="io.nlopez.smartlocation.activity.providers.ActivityGooglePlayServicesProvider$ActivityRecognitionService"
85-->[io.nlopez.smartlocation:library:3.2.11] AndroidManifest.xml:20:13-132
86            android:exported="false" />
86-->[io.nlopez.smartlocation:library:3.2.11] AndroidManifest.xml:21:13-37
87        <service
87-->[io.nlopez.smartlocation:library:3.2.11] AndroidManifest.xml:22:9-24:40
88            android:name="io.nlopez.smartlocation.geofencing.providers.GeofencingGooglePlayServicesProvider$GeofencingService"
88-->[io.nlopez.smartlocation:library:3.2.11] AndroidManifest.xml:23:13-127
89            android:exported="false" />
89-->[io.nlopez.smartlocation:library:3.2.11] AndroidManifest.xml:24:13-37
90        <service
90-->[io.nlopez.smartlocation:library:3.2.11] AndroidManifest.xml:25:9-27:40
91            android:name="io.nlopez.smartlocation.geocoding.providers.AndroidGeocodingProvider$AndroidGeocodingService"
91-->[io.nlopez.smartlocation:library:3.2.11] AndroidManifest.xml:26:13-120
92            android:exported="false" />
92-->[io.nlopez.smartlocation:library:3.2.11] AndroidManifest.xml:27:13-37
93    </application>
94
95</manifest>